<?xml version="1.0" encoding="UTF-8"?>
<coverage generated="1682933383512" clover="3.2.0">
  <project timestamp="1682933383512" name="All files">
    <metrics statements="16" coveredstatements="12" conditionals="10" coveredconditionals="9" methods="8" coveredmethods="5" elements="34" coveredelements="26" complexity="0" loc="16" ncloc="16" packages="2" files="6" classes="6"/>
    <package name="component">
      <metrics statements="10" coveredstatements="7" conditionals="8" coveredconditionals="7" methods="5" coveredmethods="3"/>
      <file name="cardView.js" path="/Users/acareindore/Desktop/Demo/Crozzroads/src/component/cardView.js">
        <metrics statements="2" coveredstatements="2" conditionals="4" coveredconditionals="3" methods="1" coveredmethods="1"/>
        <line num="5" count="1" type="stmt"/>
        <line num="6" count="2" type="stmt"/>
      </file>
      <file name="customTopTabBar.js" path="/Users/acareindore/Desktop/Demo/Crozzroads/src/component/customTopTabBar.js">
        <metrics statements="8" coveredstatements="5" conditionals="4" coveredconditionals="4" methods="4" coveredmethods="2"/>
        <line num="5" count="1" type="stmt"/>
        <line num="6" count="1" type="stmt"/>
        <line num="7" count="1" type="stmt"/>
        <line num="8" count="0" type="stmt"/>
        <line num="9" count="0" type="stmt"/>
        <line num="11" count="1" type="stmt"/>
        <line num="18" count="6" type="stmt"/>
        <line num="23" count="0" type="stmt"/>
      </file>
      <file name="styles.js" path="/Users/acareindore/Desktop/Demo/Crozzroads/src/component/styles.js">
        <metrics statements="0" coveredstatements="0" conditionals="0" coveredconditionals="0" methods="0" coveredmethods="0"/>
      </file>
    </package>
    <package name="screens.Messages">
      <metrics statements="6" coveredstatements="5" conditionals="2" coveredconditionals="2" methods="3" coveredmethods="2"/>
      <file name="index.js" path="/Users/acareindore/Desktop/Demo/Crozzroads/src/screens/Messages/index.js">
        <metrics statements="5" coveredstatements="4" conditionals="2" coveredconditionals="2" methods="3" coveredmethods="2"/>
        <line num="8" count="1" type="stmt"/>
        <line num="9" count="1" type="stmt"/>
        <line num="10" count="1" type="stmt"/>
        <line num="17" count="0" type="stmt"/>
        <line num="25" count="2" type="stmt"/>
      </file>
      <file name="sampleData.js" path="/Users/acareindore/Desktop/Demo/Crozzroads/src/screens/Messages/sampleData.js">
        <metrics statements="1" coveredstatements="1" conditionals="0" coveredconditionals="0" methods="0" coveredmethods="0"/>
        <line num="102" count="1" type="stmt"/>
      </file>
      <file name="styles.js" path="/Users/acareindore/Desktop/Demo/Crozzroads/src/screens/Messages/styles.js">
        <metrics statements="0" coveredstatements="0" conditionals="0" coveredconditionals="0" methods="0" coveredmethods="0"/>
      </file>
    </package>
  </project>
</coverage>
