{"/Users/acareindore/Desktop/Demo/Crozzroads/src/component/cardView.js": {"path":"/Users/acareindore/Desktop/Demo/Crozzroads/src/component/cardView.js","statementMap":{"0":{"start":{"line":5,"column":17},"end":{"line":32,"column":1}},"1":{"start":{"line":6,"column":2},"end":{"line":31,"column":4}}},"fnMap":{"0":{"name":"(anonymous_0)","decl":{"start":{"line":5,"column":17},"end":{"line":5,"column":18}},"loc":{"start":{"line":5,"column":33},"end":{"line":32,"column":1}},"line":5}},"branchMap":{"0":{"loc":{"start":{"line":21,"column":7},"end":{"line":29,"column":14}},"type":"cond-expr","locations":[{"start":{"line":22,"column":8},"end":{"line":24,"column":15}},{"start":{"line":25,"column":10},"end":{"line":29,"column":14}}],"line":21},"1":{"loc":{"start":{"line":25,"column":10},"end":{"line":29,"column":14}},"type":"cond-expr","locations":[{"start":{"line":26,"column":8},"end":{"line":28,"column":15}},{"start":{"line":29,"column":10},"end":{"line":29,"column":14}}],"line":25}},"s":{"0":1,"1":2},"f":{"0":2},"b":{"0":[1,1],"1":[1,0]},"_coverageSchema":"1a1c01bbd47fc00a2c39e90264f33305004495a9","hash":"543f8d2bda5685342f84da623d756b0e0f85b41e"}
,"/Users/acareindore/Desktop/Demo/Crozzroads/src/component/customTopTabBar.js": {"path":"/Users/acareindore/Desktop/Demo/Crozzroads/src/component/customTopTabBar.js","statementMap":{"0":{"start":{"line":5,"column":24},"end":{"line":41,"column":1}},"1":{"start":{"line":6,"column":34},"end":{"line":6,"column":51}},"2":{"start":{"line":7,"column":25},"end":{"line":10,"column":3}},"3":{"start":{"line":8,"column":4},"end":{"line":8,"column":21}},"4":{"start":{"line":9,"column":4},"end":{"line":9,"column":22}},"5":{"start":{"line":11,"column":2},"end":{"line":40,"column":4}},"6":{"start":{"line":18,"column":10},"end":{"line":36,"column":12}},"7":{"start":{"line":23,"column":16},"end":{"line":23,"column":42}}},"fnMap":{"0":{"name":"(anonymous_0)","decl":{"start":{"line":5,"column":24},"end":{"line":5,"column":25}},"loc":{"start":{"line":5,"column":62},"end":{"line":41,"column":1}},"line":5},"1":{"name":"(anonymous_1)","decl":{"start":{"line":7,"column":25},"end":{"line":7,"column":26}},"loc":{"start":{"line":7,"column":33},"end":{"line":10,"column":3}},"line":7},"2":{"name":"(anonymous_2)","decl":{"start":{"line":17,"column":20},"end":{"line":17,"column":21}},"loc":{"start":{"line":17,"column":28},"end":{"line":37,"column":9}},"line":17},"3":{"name":"(anonymous_3)","decl":{"start":{"line":22,"column":23},"end":{"line":22,"column":24}},"loc":{"start":{"line":22,"column":29},"end":{"line":24,"column":15}},"line":22}},"branchMap":{"0":{"loc":{"start":{"line":28,"column":26},"end":{"line":28,"column":74}},"type":"cond-expr","locations":[{"start":{"line":28,"column":58},"end":{"line":28,"column":65}},{"start":{"line":28,"column":68},"end":{"line":28,"column":74}}],"line":28},"1":{"loc":{"start":{"line":33,"column":23},"end":{"line":33,"column":76}},"type":"cond-expr","locations":[{"start":{"line":33,"column":55},"end":{"line":33,"column":71}},{"start":{"line":33,"column":74},"end":{"line":33,"column":76}}],"line":33}},"s":{"0":1,"1":1,"2":1,"3":0,"4":0,"5":1,"6":6,"7":0},"f":{"0":1,"1":0,"2":6,"3":0},"b":{"0":[1,5],"1":[1,5]},"_coverageSchema":"1a1c01bbd47fc00a2c39e90264f33305004495a9","hash":"e11aa4b610967506f66a268d5e03ee1ef066cf9c"}
,"/Users/acareindore/Desktop/Demo/Crozzroads/src/component/styles.js": {"path":"/Users/acareindore/Desktop/Demo/Crozzroads/src/component/styles.js","statementMap":{},"fnMap":{},"branchMap":{},"s":{},"f":{},"b":{},"_coverageSchema":"1a1c01bbd47fc00a2c39e90264f33305004495a9","hash":"2596fedcc93e6160568dcec79c0b29268b46592c"}
,"/Users/acareindore/Desktop/Demo/Crozzroads/src/screens/Messages/index.js": {"path":"/Users/acareindore/Desktop/Demo/Crozzroads/src/screens/Messages/index.js","statementMap":{"0":{"start":{"line":8,"column":17},"end":{"line":35,"column":1}},"1":{"start":{"line":9,"column":42},"end":{"line":9,"column":59}},"2":{"start":{"line":10,"column":2},"end":{"line":34,"column":4}},"3":{"start":{"line":17,"column":10},"end":{"line":17,"column":32}},"4":{"start":{"line":25,"column":12},"end":{"line":29,"column":14}}},"fnMap":{"0":{"name":"(anonymous_0)","decl":{"start":{"line":8,"column":17},"end":{"line":8,"column":18}},"loc":{"start":{"line":8,"column":23},"end":{"line":35,"column":1}},"line":8},"1":{"name":"(anonymous_1)","decl":{"start":{"line":16,"column":20},"end":{"line":16,"column":21}},"loc":{"start":{"line":16,"column":28},"end":{"line":18,"column":9}},"line":16},"2":{"name":"(anonymous_2)","decl":{"start":{"line":24,"column":22},"end":{"line":24,"column":23}},"loc":{"start":{"line":24,"column":29},"end":{"line":30,"column":11}},"line":24}},"branchMap":{"0":{"loc":{"start":{"line":20,"column":7},"end":{"line":32,"column":7}},"type":"binary-expr","locations":[{"start":{"line":20,"column":7},"end":{"line":20,"column":19}},{"start":{"line":21,"column":8},"end":{"line":31,"column":10}}],"line":20}},"s":{"0":1,"1":1,"2":1,"3":0,"4":2},"f":{"0":1,"1":0,"2":2},"b":{"0":[1,1]},"_coverageSchema":"1a1c01bbd47fc00a2c39e90264f33305004495a9","hash":"0cfb9d628f5c4c28fe77240142082a9c715ff187"}
,"/Users/acareindore/Desktop/Demo/Crozzroads/src/screens/Messages/sampleData.js": {"path":"/Users/acareindore/Desktop/Demo/Crozzroads/src/screens/Messages/sampleData.js","statementMap":{"0":{"start":{"line":102,"column":20},"end":{"line":256,"column":1}}},"fnMap":{},"branchMap":{},"s":{"0":1},"f":{},"b":{},"_coverageSchema":"1a1c01bbd47fc00a2c39e90264f33305004495a9","hash":"47b174c4baaee62af39a473b15f6b6ed7d31cd1b"}
,"/Users/acareindore/Desktop/Demo/Crozzroads/src/screens/Messages/styles.js": {"path":"/Users/acareindore/Desktop/Demo/Crozzroads/src/screens/Messages/styles.js","statementMap":{},"fnMap":{},"branchMap":{},"s":{},"f":{},"b":{},"_coverageSchema":"1a1c01bbd47fc00a2c39e90264f33305004495a9","hash":"c02dd1c6b547ccef5c960108bdd363adde870395"}
}
